<?xml version="1.0" encoding="UTF-8"?>
<testsuite xmlns:xsi="http://www.w3.org/2001/XMLSchema-instance" xsi:noNamespaceSchemaLocation="https://maven.apache.org/surefire/maven-surefire-plugin/xsd/surefire-test-report.xsd" name="ru.gb.OpenWeatherTest" time="47.256" tests="195" errors="0" skipped="0" failures="0">
  <properties>
    <property name="sun.desktop" value="windows"/>
    <property name="awt.toolkit" value="sun.awt.windows.WToolkit"/>
    <property name="java.specification.version" value="11"/>
    <property name="sun.cpu.isalist" value="amd64"/>
    <property name="sun.jnu.encoding" value="Cp1251"/>
    <property name="java.class.path" value="D:\Users\Pavel\IdeaProjects\PVG_BackendTest\target\test-classes;D:\Users\Pavel\IdeaProjects\PVG_BackendTest\target\classes;D:\Users\Pavel\.m2\repository\org\junit\jupiter\junit-jupiter-engine\5.8.2\junit-jupiter-engine-5.8.2.jar;D:\Users\Pavel\.m2\repository\org\junit\platform\junit-platform-engine\1.8.2\junit-platform-engine-1.8.2.jar;D:\Users\Pavel\.m2\repository\org\apiguardian\apiguardian-api\1.1.2\apiguardian-api-1.1.2.jar;D:\Users\Pavel\.m2\repository\org\junit\platform\junit-platform-surefire-provider\1.3.2\junit-platform-surefire-provider-1.3.2.jar;D:\Users\Pavel\.m2\repository\org\junit\platform\junit-platform-launcher\1.3.2\junit-platform-launcher-1.3.2.jar;D:\Users\Pavel\.m2\repository\org\apache\maven\surefire\surefire-api\2.22.0\surefire-api-2.22.0.jar;D:\Users\Pavel\.m2\repository\org\apache\maven\surefire\surefire-logger-api\2.22.0\surefire-logger-api-2.22.0.jar;D:\Users\Pavel\.m2\repository\org\apache\maven\surefire\common-java5\2.22.0\common-java5-2.22.0.jar;D:\Users\Pavel\.m2\repository\io\rest-assured\rest-assured\4.3.3\rest-assured-4.3.3.jar;D:\Users\Pavel\.m2\repository\org\codehaus\groovy\groovy\3.0.7\groovy-3.0.7.jar;D:\Users\Pavel\.m2\repository\org\codehaus\groovy\groovy-xml\3.0.7\groovy-xml-3.0.7.jar;D:\Users\Pavel\.m2\repository\org\apache\httpcomponents\httpclient\4.5.3\httpclient-4.5.3.jar;D:\Users\Pavel\.m2\repository\org\apache\httpcomponents\httpcore\4.4.6\httpcore-4.4.6.jar;D:\Users\Pavel\.m2\repository\commons-logging\commons-logging\1.2\commons-logging-1.2.jar;D:\Users\Pavel\.m2\repository\commons-codec\commons-codec\1.9\commons-codec-1.9.jar;D:\Users\Pavel\.m2\repository\org\apache\httpcomponents\httpmime\4.5.3\httpmime-4.5.3.jar;D:\Users\Pavel\.m2\repository\org\hamcrest\hamcrest\2.1\hamcrest-2.1.jar;D:\Users\Pavel\.m2\repository\org\ccil\cowan\tagsoup\tagsoup\1.2.1\tagsoup-1.2.1.jar;D:\Users\Pavel\.m2\repository\io\rest-assured\json-path\4.3.3\json-path-4.3.3.jar;D:\Users\Pavel\.m2\repository\org\codehaus\groovy\groovy-json\3.0.7\groovy-json-3.0.7.jar;D:\Users\Pavel\.m2\repository\io\rest-assured\rest-assured-common\4.3.3\rest-assured-common-4.3.3.jar;D:\Users\Pavel\.m2\repository\io\rest-assured\xml-path\4.3.3\xml-path-4.3.3.jar;D:\Users\Pavel\.m2\repository\org\apache\commons\commons-lang3\3.11\commons-lang3-3.11.jar;D:\Users\Pavel\.m2\repository\jakarta\xml\bind\jakarta.xml.bind-api\2.3.3\jakarta.xml.bind-api-2.3.3.jar;D:\Users\Pavel\.m2\repository\jakarta\activation\jakarta.activation-api\1.2.2\jakarta.activation-api-1.2.2.jar;D:\Users\Pavel\.m2\repository\com\sun\xml\bind\jaxb-impl\2.3.3\jaxb-impl-2.3.3.jar;D:\Users\Pavel\.m2\repository\org\seleniumhq\selenium\selenium-java\4.0.0\selenium-java-4.0.0.jar;D:\Users\Pavel\.m2\repository\org\seleniumhq\selenium\selenium-api\4.0.0\selenium-api-4.0.0.jar;D:\Users\Pavel\.m2\repository\org\seleniumhq\selenium\selenium-chrome-driver\4.0.0\selenium-chrome-driver-4.0.0.jar;D:\Users\Pavel\.m2\repository\com\google\auto\service\auto-service-annotations\1.0\auto-service-annotations-1.0.jar;D:\Users\Pavel\.m2\repository\com\google\auto\service\auto-service\1.0\auto-service-1.0.jar;D:\Users\Pavel\.m2\repository\com\google\auto\auto-common\1.0\auto-common-1.0.jar;D:\Users\Pavel\.m2\repository\org\seleniumhq\selenium\selenium-chromium-driver\4.0.0\selenium-chromium-driver-4.0.0.jar;D:\Users\Pavel\.m2\repository\org\seleniumhq\selenium\selenium-json\4.0.0\selenium-json-4.0.0.jar;D:\Users\Pavel\.m2\repository\org\seleniumhq\selenium\selenium-devtools-v85\4.0.0\selenium-devtools-v85-4.0.0.jar;D:\Users\Pavel\.m2\repository\org\seleniumhq\selenium\selenium-devtools-v93\4.0.0\selenium-devtools-v93-4.0.0.jar;D:\Users\Pavel\.m2\repository\org\seleniumhq\selenium\selenium-devtools-v94\4.0.0\selenium-devtools-v94-4.0.0.jar;D:\Users\Pavel\.m2\repository\org\seleniumhq\selenium\selenium-devtools-v95\4.0.0\selenium-devtools-v95-4.0.0.jar;D:\Users\Pavel\.m2\repository\org\seleniumhq\selenium\selenium-edge-driver\4.0.0\selenium-edge-driver-4.0.0.jar;D:\Users\Pavel\.m2\repository\org\seleniumhq\selenium\selenium-firefox-driver\4.0.0\selenium-firefox-driver-4.0.0.jar;D:\Users\Pavel\.m2\repository\org\seleniumhq\selenium\selenium-firefox-xpi-driver\4.0.0\selenium-firefox-xpi-driver-4.0.0.jar;D:\Users\Pavel\.m2\repository\org\seleniumhq\selenium\selenium-ie-driver\4.0.0\selenium-ie-driver-4.0.0.jar;D:\Users\Pavel\.m2\repository\org\seleniumhq\selenium\selenium-opera-driver\4.0.0\selenium-opera-driver-4.0.0.jar;D:\Users\Pavel\.m2\repository\org\seleniumhq\selenium\selenium-remote-driver\4.0.0\selenium-remote-driver-4.0.0.jar;D:\Users\Pavel\.m2\repository\com\beust\jcommander\1.81\jcommander-1.81.jar;D:\Users\Pavel\.m2\repository\io\netty\netty-buffer\4.1.68.Final\netty-buffer-4.1.68.Final.jar;D:\Users\Pavel\.m2\repository\io\netty\netty-codec-http\4.1.67.Final\netty-codec-http-4.1.67.Final.jar;D:\Users\Pavel\.m2\repository\io\netty\netty-codec\4.1.67.Final\netty-codec-4.1.67.Final.jar;D:\Users\Pavel\.m2\repository\io\netty\netty-handler\4.1.67.Final\netty-handler-4.1.67.Final.jar;D:\Users\Pavel\.m2\repository\io\netty\netty-common\4.1.68.Final\netty-common-4.1.68.Final.jar;D:\Users\Pavel\.m2\repository\io\netty\netty-transport-native-epoll\4.1.67.Final\netty-transport-native-epoll-4.1.67.Final.jar;D:\Users\Pavel\.m2\repository\io\netty\netty-transport-native-kqueue\4.1.67.Final\netty-transport-native-kqueue-4.1.67.Final.jar;D:\Users\Pavel\.m2\repository\io\netty\netty-transport-native-unix-common\4.1.67.Final\netty-transport-native-unix-common-4.1.67.Final.jar;D:\Users\Pavel\.m2\repository\io\netty\netty-transport\4.1.68.Final\netty-transport-4.1.68.Final.jar;D:\Users\Pavel\.m2\repository\io\netty\netty-resolver\4.1.68.Final\netty-resolver-4.1.68.Final.jar;D:\Users\Pavel\.m2\repository\io\opentelemetry\opentelemetry-api\1.6.0\opentelemetry-api-1.6.0.jar;D:\Users\Pavel\.m2\repository\io\opentelemetry\opentelemetry-context\1.6.0\opentelemetry-context-1.6.0.jar;D:\Users\Pavel\.m2\repository\io\opentelemetry\opentelemetry-exporter-logging\1.6.0\opentelemetry-exporter-logging-1.6.0.jar;D:\Users\Pavel\.m2\repository\io\opentelemetry\opentelemetry-sdk-metrics\1.6.0-alpha\opentelemetry-sdk-metrics-1.6.0-alpha.jar;D:\Users\Pavel\.m2\repository\io\opentelemetry\opentelemetry-sdk-common\1.6.0\opentelemetry-sdk-common-1.6.0.jar;D:\Users\Pavel\.m2\repository\io\opentelemetry\opentelemetry-sdk-extension-autoconfigure-spi\1.6.0\opentelemetry-sdk-extension-autoconfigure-spi-1.6.0.jar;D:\Users\Pavel\.m2\repository\io\opentelemetry\opentelemetry-sdk-extension-autoconfigure\1.6.0-alpha\opentelemetry-sdk-extension-autoconfigure-1.6.0-alpha.jar;D:\Users\Pavel\.m2\repository\io\opentelemetry\opentelemetry-sdk-trace\1.6.0\opentelemetry-sdk-trace-1.6.0.jar;D:\Users\Pavel\.m2\repository\io\opentelemetry\opentelemetry-api-metrics\1.6.0-alpha\opentelemetry-api-metrics-1.6.0-alpha.jar;D:\Users\Pavel\.m2\repository\io\opentelemetry\opentelemetry-sdk\1.6.0\opentelemetry-sdk-1.6.0.jar;D:\Users\Pavel\.m2\repository\io\opentelemetry\opentelemetry-semconv\1.6.0-alpha\opentelemetry-semconv-1.6.0-alpha.jar;D:\Users\Pavel\.m2\repository\io\ous\jtoml\2.0.0\jtoml-2.0.0.jar;D:\Users\Pavel\.m2\repository\net\bytebuddy\byte-buddy\1.11.19\byte-buddy-1.11.19.jar;D:\Users\Pavel\.m2\repository\org\apache\commons\commons-exec\1.3\commons-exec-1.3.jar;D:\Users\Pavel\.m2\repository\org\asynchttpclient\async-http-client\2.12.3\async-http-client-2.12.3.jar;D:\Users\Pavel\.m2\repository\org\asynchttpclient\async-http-client-netty-utils\2.12.3\async-http-client-netty-utils-2.12.3.jar;D:\Users\Pavel\.m2\repository\io\netty\netty-codec-socks\4.1.60.Final\netty-codec-socks-4.1.60.Final.jar;D:\Users\Pavel\.m2\repository\io\netty\netty-handler-proxy\4.1.60.Final\netty-handler-proxy-4.1.60.Final.jar;D:\Users\Pavel\.m2\repository\io\netty\netty-transport-native-epoll\4.1.60.Final\netty-transport-native-epoll-4.1.60.Final-linux-x86_64.jar;D:\Users\Pavel\.m2\repository\io\netty\netty-transport-native-kqueue\4.1.60.Final\netty-transport-native-kqueue-4.1.60.Final-osx-x86_64.jar;D:\Users\Pavel\.m2\repository\org\reactivestreams\reactive-streams\1.0.3\reactive-streams-1.0.3.jar;D:\Users\Pavel\.m2\repository\com\typesafe\netty\netty-reactive-streams\2.0.4\netty-reactive-streams-2.0.4.jar;D:\Users\Pavel\.m2\repository\com\sun\activation\jakarta.activation\1.2.2\jakarta.activation-1.2.2.jar;D:\Users\Pavel\.m2\repository\org\seleniumhq\selenium\selenium-http\4.0.0\selenium-http-4.0.0.jar;D:\Users\Pavel\.m2\repository\org\seleniumhq\selenium\selenium-safari-driver\4.0.0\selenium-safari-driver-4.0.0.jar;D:\Users\Pavel\.m2\repository\org\seleniumhq\selenium\selenium-support\4.0.0\selenium-support-4.0.0.jar;D:\Users\Pavel\.m2\repository\io\github\bonigarcia\webdrivermanager\5.0.3\webdrivermanager-5.0.3.jar;D:\Users\Pavel\.m2\repository\org\slf4j\slf4j-api\1.7.32\slf4j-api-1.7.32.jar;D:\Users\Pavel\.m2\repository\com\google\code\gson\gson\2.8.8\gson-2.8.8.jar;D:\Users\Pavel\.m2\repository\org\jsoup\jsoup\1.14.2\jsoup-1.14.2.jar;D:\Users\Pavel\.m2\repository\com\github\docker-java\docker-java\3.2.12\docker-java-3.2.12.jar;D:\Users\Pavel\.m2\repository\com\github\docker-java\docker-java-core\3.2.12\docker-java-core-3.2.12.jar;D:\Users\Pavel\.m2\repository\com\github\docker-java\docker-java-api\3.2.12\docker-java-api-3.2.12.jar;D:\Users\Pavel\.m2\repository\com\fasterxml\jackson\core\jackson-annotations\2.10.3\jackson-annotations-2.10.3.jar;D:\Users\Pavel\.m2\repository\org\apache\commons\commons-compress\1.21\commons-compress-1.21.jar;D:\Users\Pavel\.m2\repository\commons-lang\commons-lang\2.6\commons-lang-2.6.jar;D:\Users\Pavel\.m2\repository\com\fasterxml\jackson\core\jackson-databind\2.10.3\jackson-databind-2.10.3.jar;D:\Users\Pavel\.m2\repository\com\fasterxml\jackson\core\jackson-core\2.10.3\jackson-core-2.10.3.jar;D:\Users\Pavel\.m2\repository\org\bouncycastle\bcpkix-jdk15on\1.64\bcpkix-jdk15on-1.64.jar;D:\Users\Pavel\.m2\repository\org\bouncycastle\bcprov-jdk15on\1.64\bcprov-jdk15on-1.64.jar;D:\Users\Pavel\.m2\repository\org\slf4j\jcl-over-slf4j\1.7.30\jcl-over-slf4j-1.7.30.jar;D:\Users\Pavel\.m2\repository\com\github\docker-java\docker-java-transport-httpclient5\3.2.12\docker-java-transport-httpclient5-3.2.12.jar;D:\Users\Pavel\.m2\repository\com\github\docker-java\docker-java-transport\3.2.12\docker-java-transport-3.2.12.jar;D:\Users\Pavel\.m2\repository\org\apache\httpcomponents\client5\httpclient5\5.0.3\httpclient5-5.0.3.jar;D:\Users\Pavel\.m2\repository\org\apache\httpcomponents\core5\httpcore5\5.0.2\httpcore5-5.0.2.jar;D:\Users\Pavel\.m2\repository\net\java\dev\jna\jna\5.8.0\jna-5.8.0.jar;D:\Users\Pavel\.m2\repository\com\google\guava\guava\30.1.1-jre\guava-30.1.1-jre.jar;D:\Users\Pavel\.m2\repository\com\google\guava\failureaccess\1.0.1\failureaccess-1.0.1.jar;D:\Users\Pavel\.m2\repository\com\google\guava\listenablefuture\9999.0-empty-to-avoid-conflict-with-guava\listenablefuture-9999.0-empty-to-avoid-conflict-with-guava.jar;D:\Users\Pavel\.m2\repository\com\google\code\findbugs\jsr305\3.0.2\jsr305-3.0.2.jar;D:\Users\Pavel\.m2\repository\org\checkerframework\checker-qual\3.8.0\checker-qual-3.8.0.jar;D:\Users\Pavel\.m2\repository\com\google\errorprone\error_prone_annotations\2.5.1\error_prone_annotations-2.5.1.jar;D:\Users\Pavel\.m2\repository\com\google\j2objc\j2objc-annotations\1.3\j2objc-annotations-1.3.jar;D:\Users\Pavel\.m2\repository\org\brotli\dec\0.1.2\dec-0.1.2.jar;D:\Users\Pavel\.m2\repository\io\qameta\allure\allure-junit5\2.15.0\allure-junit5-2.15.0.jar;D:\Users\Pavel\.m2\repository\io\qameta\allure\allure-junit-platform\2.15.0\allure-junit-platform-2.15.0.jar;D:\Users\Pavel\.m2\repository\io\qameta\allure\allure-test-filter\2.15.0\allure-test-filter-2.15.0.jar;D:\Users\Pavel\.m2\repository\io\qameta\allure\allure-java-commons\2.15.0\allure-java-commons-2.15.0.jar;D:\Users\Pavel\.m2\repository\io\qameta\allure\allure-model\2.15.0\allure-model-2.15.0.jar;D:\Users\Pavel\.m2\repository\io\qameta\allure\allure-rest-assured\2.13.8\allure-rest-assured-2.13.8.jar;D:\Users\Pavel\.m2\repository\io\qameta\allure\allure-attachments\2.13.8\allure-attachments-2.13.8.jar;D:\Users\Pavel\.m2\repository\org\freemarker\freemarker\2.3.30\freemarker-2.3.30.jar;D:\Users\Pavel\.m2\repository\commons-io\commons-io\2.6\commons-io-2.6.jar;D:\Users\Pavel\.m2\repository\org\aspectj\aspectjweaver\1.9.6\aspectjweaver-1.9.6.jar;D:\Users\Pavel\.m2\repository\org\junit\jupiter\junit-jupiter\5.8.2\junit-jupiter-5.8.2.jar;D:\Users\Pavel\.m2\repository\org\junit\jupiter\junit-jupiter-api\5.8.2\junit-jupiter-api-5.8.2.jar;D:\Users\Pavel\.m2\repository\org\opentest4j\opentest4j\1.2.0\opentest4j-1.2.0.jar;D:\Users\Pavel\.m2\repository\org\junit\platform\junit-platform-commons\1.8.2\junit-platform-commons-1.8.2.jar;D:\Users\Pavel\.m2\repository\org\junit\jupiter\junit-jupiter-params\5.8.2\junit-jupiter-params-5.8.2.jar;"/>
    <property name="java.vm.vendor" value="Oracle Corporation"/>
    <property name="sun.arch.data.model" value="64"/>
    <property name="user.variant" value=""/>
    <property name="java.vendor.url" value="http://java.oracle.com/"/>
    <property name="user.timezone" value="Europe/Moscow"/>
    <property name="java.vm.specification.version" value="11"/>
    <property name="os.name" value="Windows 7"/>
    <property name="sun.java.launcher" value="SUN_STANDARD"/>
    <property name="user.country" value="RU"/>
    <property name="sun.boot.library.path" value="C:\Program Files\Java\jdk-11.0.6\bin"/>
    <property name="sun.java.command" value="D:\Users\Pavel\AppData\Local\Temp\surefire9201902501628160533\surefirebooter4445490526596372802.jar D:\Users\Pavel\AppData\Local\Temp\surefire9201902501628160533 2021-12-26T21-25-15_160-jvmRun1 surefire1927150667011962655tmp surefire_07023700523595216366tmp"/>
    <property name="jdk.debug" value="release"/>
    <property name="surefire.test.class.path" value="D:\Users\Pavel\IdeaProjects\PVG_BackendTest\target\test-classes;D:\Users\Pavel\IdeaProjects\PVG_BackendTest\target\classes;D:\Users\Pavel\.m2\repository\org\junit\jupiter\junit-jupiter-engine\5.8.2\junit-jupiter-engine-5.8.2.jar;D:\Users\Pavel\.m2\repository\org\junit\platform\junit-platform-engine\1.8.2\junit-platform-engine-1.8.2.jar;D:\Users\Pavel\.m2\repository\org\apiguardian\apiguardian-api\1.1.2\apiguardian-api-1.1.2.jar;D:\Users\Pavel\.m2\repository\org\junit\platform\junit-platform-surefire-provider\1.3.2\junit-platform-surefire-provider-1.3.2.jar;D:\Users\Pavel\.m2\repository\org\junit\platform\junit-platform-launcher\1.3.2\junit-platform-launcher-1.3.2.jar;D:\Users\Pavel\.m2\repository\org\apache\maven\surefire\surefire-api\2.22.0\surefire-api-2.22.0.jar;D:\Users\Pavel\.m2\repository\org\apache\maven\surefire\surefire-logger-api\2.22.0\surefire-logger-api-2.22.0.jar;D:\Users\Pavel\.m2\repository\org\apache\maven\surefire\common-java5\2.22.0\common-java5-2.22.0.jar;D:\Users\Pavel\.m2\repository\io\rest-assured\rest-assured\4.3.3\rest-assured-4.3.3.jar;D:\Users\Pavel\.m2\repository\org\codehaus\groovy\groovy\3.0.7\groovy-3.0.7.jar;D:\Users\Pavel\.m2\repository\org\codehaus\groovy\groovy-xml\3.0.7\groovy-xml-3.0.7.jar;D:\Users\Pavel\.m2\repository\org\apache\httpcomponents\httpclient\4.5.3\httpclient-4.5.3.jar;D:\Users\Pavel\.m2\repository\org\apache\httpcomponents\httpcore\4.4.6\httpcore-4.4.6.jar;D:\Users\Pavel\.m2\repository\commons-logging\commons-logging\1.2\commons-logging-1.2.jar;D:\Users\Pavel\.m2\repository\commons-codec\commons-codec\1.9\commons-codec-1.9.jar;D:\Users\Pavel\.m2\repository\org\apache\httpcomponents\httpmime\4.5.3\httpmime-4.5.3.jar;D:\Users\Pavel\.m2\repository\org\hamcrest\hamcrest\2.1\hamcrest-2.1.jar;D:\Users\Pavel\.m2\repository\org\ccil\cowan\tagsoup\tagsoup\1.2.1\tagsoup-1.2.1.jar;D:\Users\Pavel\.m2\repository\io\rest-assured\json-path\4.3.3\json-path-4.3.3.jar;D:\Users\Pavel\.m2\repository\org\codehaus\groovy\groovy-json\3.0.7\groovy-json-3.0.7.jar;D:\Users\Pavel\.m2\repository\io\rest-assured\rest-assured-common\4.3.3\rest-assured-common-4.3.3.jar;D:\Users\Pavel\.m2\repository\io\rest-assured\xml-path\4.3.3\xml-path-4.3.3.jar;D:\Users\Pavel\.m2\repository\org\apache\commons\commons-lang3\3.11\commons-lang3-3.11.jar;D:\Users\Pavel\.m2\repository\jakarta\xml\bind\jakarta.xml.bind-api\2.3.3\jakarta.xml.bind-api-2.3.3.jar;D:\Users\Pavel\.m2\repository\jakarta\activation\jakarta.activation-api\1.2.2\jakarta.activation-api-1.2.2.jar;D:\Users\Pavel\.m2\repository\com\sun\xml\bind\jaxb-impl\2.3.3\jaxb-impl-2.3.3.jar;D:\Users\Pavel\.m2\repository\org\seleniumhq\selenium\selenium-java\4.0.0\selenium-java-4.0.0.jar;D:\Users\Pavel\.m2\repository\org\seleniumhq\selenium\selenium-api\4.0.0\selenium-api-4.0.0.jar;D:\Users\Pavel\.m2\repository\org\seleniumhq\selenium\selenium-chrome-driver\4.0.0\selenium-chrome-driver-4.0.0.jar;D:\Users\Pavel\.m2\repository\com\google\auto\service\auto-service-annotations\1.0\auto-service-annotations-1.0.jar;D:\Users\Pavel\.m2\repository\com\google\auto\service\auto-service\1.0\auto-service-1.0.jar;D:\Users\Pavel\.m2\repository\com\google\auto\auto-common\1.0\auto-common-1.0.jar;D:\Users\Pavel\.m2\repository\org\seleniumhq\selenium\selenium-chromium-driver\4.0.0\selenium-chromium-driver-4.0.0.jar;D:\Users\Pavel\.m2\repository\org\seleniumhq\selenium\selenium-json\4.0.0\selenium-json-4.0.0.jar;D:\Users\Pavel\.m2\repository\org\seleniumhq\selenium\selenium-devtools-v85\4.0.0\selenium-devtools-v85-4.0.0.jar;D:\Users\Pavel\.m2\repository\org\seleniumhq\selenium\selenium-devtools-v93\4.0.0\selenium-devtools-v93-4.0.0.jar;D:\Users\Pavel\.m2\repository\org\seleniumhq\selenium\selenium-devtools-v94\4.0.0\selenium-devtools-v94-4.0.0.jar;D:\Users\Pavel\.m2\repository\org\seleniumhq\selenium\selenium-devtools-v95\4.0.0\selenium-devtools-v95-4.0.0.jar;D:\Users\Pavel\.m2\repository\org\seleniumhq\selenium\selenium-edge-driver\4.0.0\selenium-edge-driver-4.0.0.jar;D:\Users\Pavel\.m2\repository\org\seleniumhq\selenium\selenium-firefox-driver\4.0.0\selenium-firefox-driver-4.0.0.jar;D:\Users\Pavel\.m2\repository\org\seleniumhq\selenium\selenium-firefox-xpi-driver\4.0.0\selenium-firefox-xpi-driver-4.0.0.jar;D:\Users\Pavel\.m2\repository\org\seleniumhq\selenium\selenium-ie-driver\4.0.0\selenium-ie-driver-4.0.0.jar;D:\Users\Pavel\.m2\repository\org\seleniumhq\selenium\selenium-opera-driver\4.0.0\selenium-opera-driver-4.0.0.jar;D:\Users\Pavel\.m2\repository\org\seleniumhq\selenium\selenium-remote-driver\4.0.0\selenium-remote-driver-4.0.0.jar;D:\Users\Pavel\.m2\repository\com\beust\jcommander\1.81\jcommander-1.81.jar;D:\Users\Pavel\.m2\repository\io\netty\netty-buffer\4.1.68.Final\netty-buffer-4.1.68.Final.jar;D:\Users\Pavel\.m2\repository\io\netty\netty-codec-http\4.1.67.Final\netty-codec-http-4.1.67.Final.jar;D:\Users\Pavel\.m2\repository\io\netty\netty-codec\4.1.67.Final\netty-codec-4.1.67.Final.jar;D:\Users\Pavel\.m2\repository\io\netty\netty-handler\4.1.67.Final\netty-handler-4.1.67.Final.jar;D:\Users\Pavel\.m2\repository\io\netty\netty-common\4.1.68.Final\netty-common-4.1.68.Final.jar;D:\Users\Pavel\.m2\repository\io\netty\netty-transport-native-epoll\4.1.67.Final\netty-transport-native-epoll-4.1.67.Final.jar;D:\Users\Pavel\.m2\repository\io\netty\netty-transport-native-kqueue\4.1.67.Final\netty-transport-native-kqueue-4.1.67.Final.jar;D:\Users\Pavel\.m2\repository\io\netty\netty-transport-native-unix-common\4.1.67.Final\netty-transport-native-unix-common-4.1.67.Final.jar;D:\Users\Pavel\.m2\repository\io\netty\netty-transport\4.1.68.Final\netty-transport-4.1.68.Final.jar;D:\Users\Pavel\.m2\repository\io\netty\netty-resolver\4.1.68.Final\netty-resolver-4.1.68.Final.jar;D:\Users\Pavel\.m2\repository\io\opentelemetry\opentelemetry-api\1.6.0\opentelemetry-api-1.6.0.jar;D:\Users\Pavel\.m2\repository\io\opentelemetry\opentelemetry-context\1.6.0\opentelemetry-context-1.6.0.jar;D:\Users\Pavel\.m2\repository\io\opentelemetry\opentelemetry-exporter-logging\1.6.0\opentelemetry-exporter-logging-1.6.0.jar;D:\Users\Pavel\.m2\repository\io\opentelemetry\opentelemetry-sdk-metrics\1.6.0-alpha\opentelemetry-sdk-metrics-1.6.0-alpha.jar;D:\Users\Pavel\.m2\repository\io\opentelemetry\opentelemetry-sdk-common\1.6.0\opentelemetry-sdk-common-1.6.0.jar;D:\Users\Pavel\.m2\repository\io\opentelemetry\opentelemetry-sdk-extension-autoconfigure-spi\1.6.0\opentelemetry-sdk-extension-autoconfigure-spi-1.6.0.jar;D:\Users\Pavel\.m2\repository\io\opentelemetry\opentelemetry-sdk-extension-autoconfigure\1.6.0-alpha\opentelemetry-sdk-extension-autoconfigure-1.6.0-alpha.jar;D:\Users\Pavel\.m2\repository\io\opentelemetry\opentelemetry-sdk-trace\1.6.0\opentelemetry-sdk-trace-1.6.0.jar;D:\Users\Pavel\.m2\repository\io\opentelemetry\opentelemetry-api-metrics\1.6.0-alpha\opentelemetry-api-metrics-1.6.0-alpha.jar;D:\Users\Pavel\.m2\repository\io\opentelemetry\opentelemetry-sdk\1.6.0\opentelemetry-sdk-1.6.0.jar;D:\Users\Pavel\.m2\repository\io\opentelemetry\opentelemetry-semconv\1.6.0-alpha\opentelemetry-semconv-1.6.0-alpha.jar;D:\Users\Pavel\.m2\repository\io\ous\jtoml\2.0.0\jtoml-2.0.0.jar;D:\Users\Pavel\.m2\repository\net\bytebuddy\byte-buddy\1.11.19\byte-buddy-1.11.19.jar;D:\Users\Pavel\.m2\repository\org\apache\commons\commons-exec\1.3\commons-exec-1.3.jar;D:\Users\Pavel\.m2\repository\org\asynchttpclient\async-http-client\2.12.3\async-http-client-2.12.3.jar;D:\Users\Pavel\.m2\repository\org\asynchttpclient\async-http-client-netty-utils\2.12.3\async-http-client-netty-utils-2.12.3.jar;D:\Users\Pavel\.m2\repository\io\netty\netty-codec-socks\4.1.60.Final\netty-codec-socks-4.1.60.Final.jar;D:\Users\Pavel\.m2\repository\io\netty\netty-handler-proxy\4.1.60.Final\netty-handler-proxy-4.1.60.Final.jar;D:\Users\Pavel\.m2\repository\io\netty\netty-transport-native-epoll\4.1.60.Final\netty-transport-native-epoll-4.1.60.Final-linux-x86_64.jar;D:\Users\Pavel\.m2\repository\io\netty\netty-transport-native-kqueue\4.1.60.Final\netty-transport-native-kqueue-4.1.60.Final-osx-x86_64.jar;D:\Users\Pavel\.m2\repository\org\reactivestreams\reactive-streams\1.0.3\reactive-streams-1.0.3.jar;D:\Users\Pavel\.m2\repository\com\typesafe\netty\netty-reactive-streams\2.0.4\netty-reactive-streams-2.0.4.jar;D:\Users\Pavel\.m2\repository\com\sun\activation\jakarta.activation\1.2.2\jakarta.activation-1.2.2.jar;D:\Users\Pavel\.m2\repository\org\seleniumhq\selenium\selenium-http\4.0.0\selenium-http-4.0.0.jar;D:\Users\Pavel\.m2\repository\org\seleniumhq\selenium\selenium-safari-driver\4.0.0\selenium-safari-driver-4.0.0.jar;D:\Users\Pavel\.m2\repository\org\seleniumhq\selenium\selenium-support\4.0.0\selenium-support-4.0.0.jar;D:\Users\Pavel\.m2\repository\io\github\bonigarcia\webdrivermanager\5.0.3\webdrivermanager-5.0.3.jar;D:\Users\Pavel\.m2\repository\org\slf4j\slf4j-api\1.7.32\slf4j-api-1.7.32.jar;D:\Users\Pavel\.m2\repository\com\google\code\gson\gson\2.8.8\gson-2.8.8.jar;D:\Users\Pavel\.m2\repository\org\jsoup\jsoup\1.14.2\jsoup-1.14.2.jar;D:\Users\Pavel\.m2\repository\com\github\docker-java\docker-java\3.2.12\docker-java-3.2.12.jar;D:\Users\Pavel\.m2\repository\com\github\docker-java\docker-java-core\3.2.12\docker-java-core-3.2.12.jar;D:\Users\Pavel\.m2\repository\com\github\docker-java\docker-java-api\3.2.12\docker-java-api-3.2.12.jar;D:\Users\Pavel\.m2\repository\com\fasterxml\jackson\core\jackson-annotations\2.10.3\jackson-annotations-2.10.3.jar;D:\Users\Pavel\.m2\repository\org\apache\commons\commons-compress\1.21\commons-compress-1.21.jar;D:\Users\Pavel\.m2\repository\commons-lang\commons-lang\2.6\commons-lang-2.6.jar;D:\Users\Pavel\.m2\repository\com\fasterxml\jackson\core\jackson-databind\2.10.3\jackson-databind-2.10.3.jar;D:\Users\Pavel\.m2\repository\com\fasterxml\jackson\core\jackson-core\2.10.3\jackson-core-2.10.3.jar;D:\Users\Pavel\.m2\repository\org\bouncycastle\bcpkix-jdk15on\1.64\bcpkix-jdk15on-1.64.jar;D:\Users\Pavel\.m2\repository\org\bouncycastle\bcprov-jdk15on\1.64\bcprov-jdk15on-1.64.jar;D:\Users\Pavel\.m2\repository\org\slf4j\jcl-over-slf4j\1.7.30\jcl-over-slf4j-1.7.30.jar;D:\Users\Pavel\.m2\repository\com\github\docker-java\docker-java-transport-httpclient5\3.2.12\docker-java-transport-httpclient5-3.2.12.jar;D:\Users\Pavel\.m2\repository\com\github\docker-java\docker-java-transport\3.2.12\docker-java-transport-3.2.12.jar;D:\Users\Pavel\.m2\repository\org\apache\httpcomponents\client5\httpclient5\5.0.3\httpclient5-5.0.3.jar;D:\Users\Pavel\.m2\repository\org\apache\httpcomponents\core5\httpcore5\5.0.2\httpcore5-5.0.2.jar;D:\Users\Pavel\.m2\repository\net\java\dev\jna\jna\5.8.0\jna-5.8.0.jar;D:\Users\Pavel\.m2\repository\com\google\guava\guava\30.1.1-jre\guava-30.1.1-jre.jar;D:\Users\Pavel\.m2\repository\com\google\guava\failureaccess\1.0.1\failureaccess-1.0.1.jar;D:\Users\Pavel\.m2\repository\com\google\guava\listenablefuture\9999.0-empty-to-avoid-conflict-with-guava\listenablefuture-9999.0-empty-to-avoid-conflict-with-guava.jar;D:\Users\Pavel\.m2\repository\com\google\code\findbugs\jsr305\3.0.2\jsr305-3.0.2.jar;D:\Users\Pavel\.m2\repository\org\checkerframework\checker-qual\3.8.0\checker-qual-3.8.0.jar;D:\Users\Pavel\.m2\repository\com\google\errorprone\error_prone_annotations\2.5.1\error_prone_annotations-2.5.1.jar;D:\Users\Pavel\.m2\repository\com\google\j2objc\j2objc-annotations\1.3\j2objc-annotations-1.3.jar;D:\Users\Pavel\.m2\repository\org\brotli\dec\0.1.2\dec-0.1.2.jar;D:\Users\Pavel\.m2\repository\io\qameta\allure\allure-junit5\2.15.0\allure-junit5-2.15.0.jar;D:\Users\Pavel\.m2\repository\io\qameta\allure\allure-junit-platform\2.15.0\allure-junit-platform-2.15.0.jar;D:\Users\Pavel\.m2\repository\io\qameta\allure\allure-test-filter\2.15.0\allure-test-filter-2.15.0.jar;D:\Users\Pavel\.m2\repository\io\qameta\allure\allure-java-commons\2.15.0\allure-java-commons-2.15.0.jar;D:\Users\Pavel\.m2\repository\io\qameta\allure\allure-model\2.15.0\allure-model-2.15.0.jar;D:\Users\Pavel\.m2\repository\io\qameta\allure\allure-rest-assured\2.13.8\allure-rest-assured-2.13.8.jar;D:\Users\Pavel\.m2\repository\io\qameta\allure\allure-attachments\2.13.8\allure-attachments-2.13.8.jar;D:\Users\Pavel\.m2\repository\org\freemarker\freemarker\2.3.30\freemarker-2.3.30.jar;D:\Users\Pavel\.m2\repository\commons-io\commons-io\2.6\commons-io-2.6.jar;D:\Users\Pavel\.m2\repository\org\aspectj\aspectjweaver\1.9.6\aspectjweaver-1.9.6.jar;D:\Users\Pavel\.m2\repository\org\junit\jupiter\junit-jupiter\5.8.2\junit-jupiter-5.8.2.jar;D:\Users\Pavel\.m2\repository\org\junit\jupiter\junit-jupiter-api\5.8.2\junit-jupiter-api-5.8.2.jar;D:\Users\Pavel\.m2\repository\org\opentest4j\opentest4j\1.2.0\opentest4j-1.2.0.jar;D:\Users\Pavel\.m2\repository\org\junit\platform\junit-platform-commons\1.8.2\junit-platform-commons-1.8.2.jar;D:\Users\Pavel\.m2\repository\org\junit\jupiter\junit-jupiter-params\5.8.2\junit-jupiter-params-5.8.2.jar;"/>
    <property name="sun.cpu.endian" value="little"/>
    <property name="allure.results.directory" value="D:\Users\Pavel\IdeaProjects\PVG_BackendTest\target/allure-results"/>
    <property name="user.home" value="D:\Users\Pavel"/>
    <property name="user.language" value="ru"/>
    <property name="java.specification.vendor" value="Oracle Corporation"/>
    <property name="java.version.date" value="2020-01-14"/>
    <property name="java.home" value="C:\Program Files\Java\jdk-11.0.6"/>
    <property name="file.separator" value="\"/>
    <property name="basedir" value="D:\Users\Pavel\IdeaProjects\PVG_BackendTest"/>
    <property name="java.vm.compressedOopsMode" value="Zero based"/>
    <property name="line.separator" value="&#10;"/>
    <property name="java.specification.name" value="Java Platform API Specification"/>
    <property name="java.vm.specification.vendor" value="Oracle Corporation"/>
    <property name="java.awt.graphicsenv" value="sun.awt.Win32GraphicsEnvironment"/>
    <property name="surefire.real.class.path" value="D:\Users\Pavel\AppData\Local\Temp\surefire9201902501628160533\surefirebooter4445490526596372802.jar"/>
    <property name="user.script" value=""/>
    <property name="sun.management.compiler" value="HotSpot 64-Bit Tiered Compilers"/>
    <property name="java.runtime.version" value="11.0.6+8-LTS"/>
    <property name="user.name" value="Pavel"/>
    <property name="path.separator" value=";"/>
    <property name="os.version" value="6.1"/>
    <property name="java.runtime.name" value="Java(TM) SE Runtime Environment"/>
    <property name="file.encoding" value="Cp1251"/>
    <property name="java.vm.name" value="Java HotSpot(TM) 64-Bit Server VM"/>
    <property name="java.vendor.version" value="18.9"/>
    <property name="localRepository" value="D:\Users\Pavel\.m2\repository"/>
    <property name="java.vendor.url.bug" value="http://bugreport.java.com/bugreport/"/>
    <property name="java.io.tmpdir" value="D:\Users\Pavel\AppData\Local\Temp\"/>
    <property name="idea.version" value="2021.2.3"/>
    <property name="java.version" value="11.0.6"/>
    <property name="user.dir" value="D:\Users\Pavel\IdeaProjects\PVG_BackendTest"/>
    <property name="os.arch" value="amd64"/>
    <property name="java.vm.specification.name" value="Java Virtual Machine Specification"/>
    <property name="java.awt.printerjob" value="sun.awt.windows.WPrinterJob"/>
    <property name="sun.os.patch.level" value="Service Pack 1"/>
    <property name="java.library.path" value="C:\Program Files\Java\jdk-11.0.6\bin;C:\Windows\Sun\Java\bin;C:\Windows\system32;C:\Windows;C:\Program Files\National Instruments\Shared\OpenVINO\;C:\Program Files (x86)\Common Files\Oracle\Java\javapath;C:\ProgramData\Oracle\Java\javapath;C:\Program Files (x86)\Intel\iCLS Client\;C:\Program Files\Intel\iCLS Client\;C:\Windows\system32;C:\Windows;C:\Windows\System32\Wbem;C:\Windows\System32\WindowsPowerShell\v1.0\;C:\Program Files (x86)\Intel\Intel(R) Management Engine Components\DAL;C:\Program Files\Intel\Intel(R) Management Engine Components\DAL;C:\Program Files (x86)\Intel\Intel(R) Management Engine Components\IPT;C:\Program Files\Intel\Intel(R) Management Engine Components\IPT;C:\Program Files\PuTTY\;C:\ADB\bin;C:\Program Files (x86)\IVI Foundation\VISA\WinNT\Bin;C:\Program Files (x86)\IVI Foundation\VISA\WinNT\Bin\;C:\Program Files\IVI Foundation\VISA\Win64\Bin\;C:\Program Files (x86)\Brackets\command;C:\Program Files\Git\cmd;C:\Program Files\MySQL\MySQL Shell 8.0\bin\;D:\Users\Pavel\AppData\Local\Programs\Python\Python38\Scripts\;D:\Users\Pavel\AppData\Local\Programs\Python\Python38\;D:\Users\Pavel\AppData\Local\Programs\Microsoft VS Code\bin;C:\Program Files\JetBrains\PyCharm Community Edition 2020.3.2\bin;;C:\Program Files\JetBrains\IntelliJ IDEA Community Edition 2021.1.2\bin;;D:\Users\Pavel\AppData\Local\Programs\Fiddler;;C:\Program Files (x86)\apache-maven-3.8.3\bin;;C:\Program Files (x86)\allure-2.10.0\bin;."/>
    <property name="junit.jupiter.extensions.autodetection.enabled" value="true"/>
    <property name="java.vendor" value="Oracle Corporation"/>
    <property name="java.vm.info" value="mixed mode"/>
    <property name="java.vm.version" value="11.0.6+8-LTS"/>
    <property name="sun.io.unicode.encoding" value="UnicodeLittle"/>
    <property name="java.class.version" value="55.0"/>
  </properties>
  <testcase name="getHourlyForecastFor48Hours{String, int, float, float, String}[1]" classname="ru.gb.OpenWeatherTest" time="0.368"/>
  <testcase name="getHourlyForecastFor48Hours{String, int, float, float, String}[2]" classname="ru.gb.OpenWeatherTest" time="0.22"/>
  <testcase name="getHourlyForecastFor48Hours{String, int, float, float, String}[3]" classname="ru.gb.OpenWeatherTest" time="0.209"/>
  <testcase name="getHourlyForecastFor48Hours{String, int, float, float, String}[4]" classname="ru.gb.OpenWeatherTest" time="0.21"/>
  <testcase name="getHourlyForecastFor48Hours{String, int, float, float, String}[5]" classname="ru.gb.OpenWeatherTest" time="0.212"/>
  <testcase name="getHourlyForecastFor48Hours{String, int, float, float, String}[6]" classname="ru.gb.OpenWeatherTest" time="0.214"/>
  <testcase name="getHourlyForecastFor48Hours{String, int, float, float, String}[7]" classname="ru.gb.OpenWeatherTest" time="0.205"/>
  <testcase name="getHourlyForecastFor48Hours{String, int, float, float, String}[8]" classname="ru.gb.OpenWeatherTest" time="0.235"/>
  <testcase name="getHourlyForecastFor48Hours{String, int, float, float, String}[9]" classname="ru.gb.OpenWeatherTest" time="0.201"/>
  <testcase name="getHourlyForecastFor48Hours{String, int, float, float, String}[10]" classname="ru.gb.OpenWeatherTest" time="0.273"/>
  <testcase name="getHourlyForecastFor48Hours{String, int, float, float, String}[11]" classname="ru.gb.OpenWeatherTest" time="0.184"/>
  <testcase name="getHourlyForecastFor48Hours{String, int, float, float, String}[12]" classname="ru.gb.OpenWeatherTest" time="0.282"/>
  <testcase name="getHourlyForecastFor48Hours{String, int, float, float, String}[13]" classname="ru.gb.OpenWeatherTest" time="0.231"/>
  <testcase name="getHourlyForecastFor48Hours{String, int, float, float, String}[14]" classname="ru.gb.OpenWeatherTest" time="0.164"/>
  <testcase name="getHourlyForecastFor48Hours{String, int, float, float, String}[15]" classname="ru.gb.OpenWeatherTest" time="0.246"/>
  <testcase name="getAirPollutionData{String, int, float, float}[1]" classname="ru.gb.OpenWeatherTest" time="0.151"/>
  <testcase name="getAirPollutionData{String, int, float, float}[2]" classname="ru.gb.OpenWeatherTest" time="0.173"/>
  <testcase name="getAirPollutionData{String, int, float, float}[3]" classname="ru.gb.OpenWeatherTest" time="0.2"/>
  <testcase name="getAirPollutionData{String, int, float, float}[4]" classname="ru.gb.OpenWeatherTest" time="0.205"/>
  <testcase name="getAirPollutionData{String, int, float, float}[5]" classname="ru.gb.OpenWeatherTest" time="0.189"/>
  <testcase name="getAirPollutionData{String, int, float, float}[6]" classname="ru.gb.OpenWeatherTest" time="0.21"/>
  <testcase name="getAirPollutionData{String, int, float, float}[7]" classname="ru.gb.OpenWeatherTest" time="0.221"/>
  <testcase name="getAirPollutionData{String, int, float, float}[8]" classname="ru.gb.OpenWeatherTest" time="0.205"/>
  <testcase name="getAirPollutionData{String, int, float, float}[9]" classname="ru.gb.OpenWeatherTest" time="0.19"/>
  <testcase name="getAirPollutionData{String, int, float, float}[10]" classname="ru.gb.OpenWeatherTest" time="0.253"/>
  <testcase name="getAirPollutionData{String, int, float, float}[11]" classname="ru.gb.OpenWeatherTest" time="0.681"/>
  <testcase name="getAirPollutionData{String, int, float, float}[12]" classname="ru.gb.OpenWeatherTest" time="0.22"/>
  <testcase name="getAirPollutionData{String, int, float, float}[13]" classname="ru.gb.OpenWeatherTest" time="0.224"/>
  <testcase name="getAirPollutionData{String, int, float, float}[14]" classname="ru.gb.OpenWeatherTest" time="0.238"/>
  <testcase name="getAirPollutionData{String, int, float, float}[15]" classname="ru.gb.OpenWeatherTest" time="0.191"/>
  <testcase name="getCurrentWeatherByCityName{String, int, float, float}[1]" classname="ru.gb.OpenWeatherTest" time="0.151"/>
  <testcase name="getCurrentWeatherByCityName{String, int, float, float}[2]" classname="ru.gb.OpenWeatherTest" time="0.176"/>
  <testcase name="getCurrentWeatherByCityName{String, int, float, float}[3]" classname="ru.gb.OpenWeatherTest" time="0.149"/>
  <testcase name="getCurrentWeatherByCityName{String, int, float, float}[4]" classname="ru.gb.OpenWeatherTest" time="0.149"/>
  <testcase name="getCurrentWeatherByCityName{String, int, float, float}[5]" classname="ru.gb.OpenWeatherTest" time="0.153"/>
  <testcase name="getCurrentWeatherByCityName{String, int, float, float}[6]" classname="ru.gb.OpenWeatherTest" time="0.208"/>
  <testcase name="getCurrentWeatherByCityName{String, int, float, float}[7]" classname="ru.gb.OpenWeatherTest" time="0.15"/>
  <testcase name="getCurrentWeatherByCityName{String, int, float, float}[8]" classname="ru.gb.OpenWeatherTest" time="0.206"/>
  <testcase name="getCurrentWeatherByCityName{String, int, float, float}[9]" classname="ru.gb.OpenWeatherTest" time="0.207"/>
  <testcase name="getCurrentWeatherByCityName{String, int, float, float}[10]" classname="ru.gb.OpenWeatherTest" time="0.18"/>
  <testcase name="getCurrentWeatherByCityName{String, int, float, float}[11]" classname="ru.gb.OpenWeatherTest" time="0.206"/>
  <testcase name="getCurrentWeatherByCityName{String, int, float, float}[12]" classname="ru.gb.OpenWeatherTest" time="0.174"/>
  <testcase name="getCurrentWeatherByCityName{String, int, float, float}[13]" classname="ru.gb.OpenWeatherTest" time="0.153"/>
  <testcase name="getCurrentWeatherByCityName{String, int, float, float}[14]" classname="ru.gb.OpenWeatherTest" time="0.19"/>
  <testcase name="getCurrentWeatherByCityName{String, int, float, float}[15]" classname="ru.gb.OpenWeatherTest" time="0.173"/>
  <testcase name="getNationalWeatherAlerts{String, int, float, float, String}[1]" classname="ru.gb.OpenWeatherTest" time="0.259"/>
  <testcase name="getNationalWeatherAlerts{String, int, float, float, String}[2]" classname="ru.gb.OpenWeatherTest" time="0.199"/>
  <testcase name="getNationalWeatherAlerts{String, int, float, float, String}[3]" classname="ru.gb.OpenWeatherTest" time="0.201"/>
  <testcase name="getNationalWeatherAlerts{String, int, float, float, String}[4]" classname="ru.gb.OpenWeatherTest" time="0.214"/>
  <testcase name="getNationalWeatherAlerts{String, int, float, float, String}[5]" classname="ru.gb.OpenWeatherTest" time="0.187"/>
  <testcase name="getNationalWeatherAlerts{String, int, float, float, String}[6]" classname="ru.gb.OpenWeatherTest" time="0.203"/>
  <testcase name="getNationalWeatherAlerts{String, int, float, float, String}[7]" classname="ru.gb.OpenWeatherTest" time="0.191"/>
  <testcase name="getNationalWeatherAlerts{String, int, float, float, String}[8]" classname="ru.gb.OpenWeatherTest" time="0.203"/>
  <testcase name="getNationalWeatherAlerts{String, int, float, float, String}[9]" classname="ru.gb.OpenWeatherTest" time="0.17"/>
  <testcase name="getNationalWeatherAlerts{String, int, float, float, String}[10]" classname="ru.gb.OpenWeatherTest" time="0.38"/>
  <testcase name="getNationalWeatherAlerts{String, int, float, float, String}[11]" classname="ru.gb.OpenWeatherTest" time="0.163"/>
  <testcase name="getNationalWeatherAlerts{String, int, float, float, String}[12]" classname="ru.gb.OpenWeatherTest" time="0.185"/>
  <testcase name="getNationalWeatherAlerts{String, int, float, float, String}[13]" classname="ru.gb.OpenWeatherTest" time="0.201"/>
  <testcase name="getNationalWeatherAlerts{String, int, float, float, String}[14]" classname="ru.gb.OpenWeatherTest" time="0.3"/>
  <testcase name="getNationalWeatherAlerts{String, int, float, float, String}[15]" classname="ru.gb.OpenWeatherTest" time="0.146"/>
  <testcase name="getForecastWeatherByCityName{String, int, float, float}[1]" classname="ru.gb.OpenWeatherTest" time="0.47"/>
  <testcase name="getForecastWeatherByCityName{String, int, float, float}[2]" classname="ru.gb.OpenWeatherTest" time="0.204"/>
  <testcase name="getForecastWeatherByCityName{String, int, float, float}[3]" classname="ru.gb.OpenWeatherTest" time="0.275"/>
  <testcase name="getForecastWeatherByCityName{String, int, float, float}[4]" classname="ru.gb.OpenWeatherTest" time="0.252"/>
  <testcase name="getForecastWeatherByCityName{String, int, float, float}[5]" classname="ru.gb.OpenWeatherTest" time="0.255"/>
  <testcase name="getForecastWeatherByCityName{String, int, float, float}[6]" classname="ru.gb.OpenWeatherTest" time="0.217"/>
  <testcase name="getForecastWeatherByCityName{String, int, float, float}[7]" classname="ru.gb.OpenWeatherTest" time="0.25"/>
  <testcase name="getForecastWeatherByCityName{String, int, float, float}[8]" classname="ru.gb.OpenWeatherTest" time="0.233"/>
  <testcase name="getForecastWeatherByCityName{String, int, float, float}[9]" classname="ru.gb.OpenWeatherTest" time="0.243"/>
  <testcase name="getForecastWeatherByCityName{String, int, float, float}[10]" classname="ru.gb.OpenWeatherTest" time="0.225"/>
  <testcase name="getForecastWeatherByCityName{String, int, float, float}[11]" classname="ru.gb.OpenWeatherTest" time="0.337"/>
  <testcase name="getForecastWeatherByCityName{String, int, float, float}[12]" classname="ru.gb.OpenWeatherTest" time="0.348"/>
  <testcase name="getForecastWeatherByCityName{String, int, float, float}[13]" classname="ru.gb.OpenWeatherTest" time="0.262"/>
  <testcase name="getForecastWeatherByCityName{String, int, float, float}[14]" classname="ru.gb.OpenWeatherTest" time="0.224"/>
  <testcase name="getForecastWeatherByCityName{String, int, float, float}[15]" classname="ru.gb.OpenWeatherTest" time="0.236"/>
  <testcase name="getForecastWeatherByCityID{String, int, float, float}[1]" classname="ru.gb.OpenWeatherTest" time="0.279"/>
  <testcase name="getForecastWeatherByCityID{String, int, float, float}[2]" classname="ru.gb.OpenWeatherTest" time="0.285"/>
  <testcase name="getForecastWeatherByCityID{String, int, float, float}[3]" classname="ru.gb.OpenWeatherTest" time="0.242"/>
  <testcase name="getForecastWeatherByCityID{String, int, float, float}[4]" classname="ru.gb.OpenWeatherTest" time="0.347"/>
  <testcase name="getForecastWeatherByCityID{String, int, float, float}[5]" classname="ru.gb.OpenWeatherTest" time="0.236"/>
  <testcase name="getForecastWeatherByCityID{String, int, float, float}[6]" classname="ru.gb.OpenWeatherTest" time="0.332"/>
  <testcase name="getForecastWeatherByCityID{String, int, float, float}[7]" classname="ru.gb.OpenWeatherTest" time="0.279"/>
  <testcase name="getForecastWeatherByCityID{String, int, float, float}[8]" classname="ru.gb.OpenWeatherTest" time="0.23"/>
  <testcase name="getForecastWeatherByCityID{String, int, float, float}[9]" classname="ru.gb.OpenWeatherTest" time="0.249"/>
  <testcase name="getForecastWeatherByCityID{String, int, float, float}[10]" classname="ru.gb.OpenWeatherTest" time="0.206"/>
  <testcase name="getForecastWeatherByCityID{String, int, float, float}[11]" classname="ru.gb.OpenWeatherTest" time="0.262"/>
  <testcase name="getForecastWeatherByCityID{String, int, float, float}[12]" classname="ru.gb.OpenWeatherTest" time="0.298"/>
  <testcase name="getForecastWeatherByCityID{String, int, float, float}[13]" classname="ru.gb.OpenWeatherTest" time="0.25"/>
  <testcase name="getForecastWeatherByCityID{String, int, float, float}[14]" classname="ru.gb.OpenWeatherTest" time="0.286"/>
  <testcase name="getForecastWeatherByCityID{String, int, float, float}[15]" classname="ru.gb.OpenWeatherTest" time="0.245"/>
  <testcase name="getDailyForecastFor7Days{String, int, float, float, String}[1]" classname="ru.gb.OpenWeatherTest" time="0.264"/>
  <testcase name="getDailyForecastFor7Days{String, int, float, float, String}[2]" classname="ru.gb.OpenWeatherTest" time="0.224"/>
  <testcase name="getDailyForecastFor7Days{String, int, float, float, String}[3]" classname="ru.gb.OpenWeatherTest" time="0.179"/>
  <testcase name="getDailyForecastFor7Days{String, int, float, float, String}[4]" classname="ru.gb.OpenWeatherTest" time="0.204"/>
  <testcase name="getDailyForecastFor7Days{String, int, float, float, String}[5]" classname="ru.gb.OpenWeatherTest" time="0.411"/>
  <testcase name="getDailyForecastFor7Days{String, int, float, float, String}[6]" classname="ru.gb.OpenWeatherTest" time="0.247"/>
  <testcase name="getDailyForecastFor7Days{String, int, float, float, String}[7]" classname="ru.gb.OpenWeatherTest" time="0.205"/>
  <testcase name="getDailyForecastFor7Days{String, int, float, float, String}[8]" classname="ru.gb.OpenWeatherTest" time="0.236"/>
  <testcase name="getDailyForecastFor7Days{String, int, float, float, String}[9]" classname="ru.gb.OpenWeatherTest" time="0.218"/>
  <testcase name="getDailyForecastFor7Days{String, int, float, float, String}[10]" classname="ru.gb.OpenWeatherTest" time="0.201"/>
  <testcase name="getDailyForecastFor7Days{String, int, float, float, String}[11]" classname="ru.gb.OpenWeatherTest" time="0.242"/>
  <testcase name="getDailyForecastFor7Days{String, int, float, float, String}[12]" classname="ru.gb.OpenWeatherTest" time="0.193"/>
  <testcase name="getDailyForecastFor7Days{String, int, float, float, String}[13]" classname="ru.gb.OpenWeatherTest" time="0.197"/>
  <testcase name="getDailyForecastFor7Days{String, int, float, float, String}[14]" classname="ru.gb.OpenWeatherTest" time="0.277"/>
  <testcase name="getDailyForecastFor7Days{String, int, float, float, String}[15]" classname="ru.gb.OpenWeatherTest" time="0.197"/>
  <testcase name="getCurrentWeatherByCoordinates{String, int, float, float}[1]" classname="ru.gb.OpenWeatherTest" time="0.143"/>
  <testcase name="getCurrentWeatherByCoordinates{String, int, float, float}[2]" classname="ru.gb.OpenWeatherTest" time="0.139"/>
  <testcase name="getCurrentWeatherByCoordinates{String, int, float, float}[3]" classname="ru.gb.OpenWeatherTest" time="0.136"/>
  <testcase name="getCurrentWeatherByCoordinates{String, int, float, float}[4]" classname="ru.gb.OpenWeatherTest" time="0.162"/>
  <testcase name="getCurrentWeatherByCoordinates{String, int, float, float}[5]" classname="ru.gb.OpenWeatherTest" time="0.182"/>
  <testcase name="getCurrentWeatherByCoordinates{String, int, float, float}[6]" classname="ru.gb.OpenWeatherTest" time="0.188"/>
  <testcase name="getCurrentWeatherByCoordinates{String, int, float, float}[7]" classname="ru.gb.OpenWeatherTest" time="0.688"/>
  <testcase name="getCurrentWeatherByCoordinates{String, int, float, float}[8]" classname="ru.gb.OpenWeatherTest" time="1.389"/>
  <testcase name="getCurrentWeatherByCoordinates{String, int, float, float}[9]" classname="ru.gb.OpenWeatherTest" time="0.28"/>
  <testcase name="getCurrentWeatherByCoordinates{String, int, float, float}[10]" classname="ru.gb.OpenWeatherTest" time="0.157"/>
  <testcase name="getCurrentWeatherByCoordinates{String, int, float, float}[11]" classname="ru.gb.OpenWeatherTest" time="0.149"/>
  <testcase name="getCurrentWeatherByCoordinates{String, int, float, float}[12]" classname="ru.gb.OpenWeatherTest" time="0.178"/>
  <testcase name="getCurrentWeatherByCoordinates{String, int, float, float}[13]" classname="ru.gb.OpenWeatherTest" time="0.135"/>
  <testcase name="getCurrentWeatherByCoordinates{String, int, float, float}[14]" classname="ru.gb.OpenWeatherTest" time="0.498"/>
  <testcase name="getCurrentWeatherByCoordinates{String, int, float, float}[15]" classname="ru.gb.OpenWeatherTest" time="0.269"/>
  <testcase name="getCoordinatesByLocationName{String}[1]" classname="ru.gb.OpenWeatherTest" time="0.204"/>
  <testcase name="getCoordinatesByLocationName{String}[2]" classname="ru.gb.OpenWeatherTest" time="0.198"/>
  <testcase name="getCoordinatesByLocationName{String}[3]" classname="ru.gb.OpenWeatherTest" time="0.161"/>
  <testcase name="getCoordinatesByLocationName{String}[4]" classname="ru.gb.OpenWeatherTest" time="0.151"/>
  <testcase name="getCoordinatesByLocationName{String}[5]" classname="ru.gb.OpenWeatherTest" time="0.176"/>
  <testcase name="getCoordinatesByLocationName{String}[6]" classname="ru.gb.OpenWeatherTest" time="0.161"/>
  <testcase name="getCoordinatesByLocationName{String}[7]" classname="ru.gb.OpenWeatherTest" time="0.161"/>
  <testcase name="getCoordinatesByLocationName{String}[8]" classname="ru.gb.OpenWeatherTest" time="0.149"/>
  <testcase name="getCoordinatesByLocationName{String}[9]" classname="ru.gb.OpenWeatherTest" time="0.16"/>
  <testcase name="getCoordinatesByLocationName{String}[10]" classname="ru.gb.OpenWeatherTest" time="0.163"/>
  <testcase name="getCoordinatesByLocationName{String}[11]" classname="ru.gb.OpenWeatherTest" time="0.147"/>
  <testcase name="getCoordinatesByLocationName{String}[12]" classname="ru.gb.OpenWeatherTest" time="0.148"/>
  <testcase name="getCoordinatesByLocationName{String}[13]" classname="ru.gb.OpenWeatherTest" time="0.162"/>
  <testcase name="getCoordinatesByLocationName{String}[14]" classname="ru.gb.OpenWeatherTest" time="0.149"/>
  <testcase name="getCoordinatesByLocationName{String}[15]" classname="ru.gb.OpenWeatherTest" time="0.144"/>
  <testcase name="getCurrentWeatherByCityID{String, int, float, float}[1]" classname="ru.gb.OpenWeatherTest" time="0.172"/>
  <testcase name="getCurrentWeatherByCityID{String, int, float, float}[2]" classname="ru.gb.OpenWeatherTest" time="0.155"/>
  <testcase name="getCurrentWeatherByCityID{String, int, float, float}[3]" classname="ru.gb.OpenWeatherTest" time="0.151"/>
  <testcase name="getCurrentWeatherByCityID{String, int, float, float}[4]" classname="ru.gb.OpenWeatherTest" time="0.156"/>
  <testcase name="getCurrentWeatherByCityID{String, int, float, float}[5]" classname="ru.gb.OpenWeatherTest" time="0.137"/>
  <testcase name="getCurrentWeatherByCityID{String, int, float, float}[6]" classname="ru.gb.OpenWeatherTest" time="0.722"/>
  <testcase name="getCurrentWeatherByCityID{String, int, float, float}[7]" classname="ru.gb.OpenWeatherTest" time="0.426"/>
  <testcase name="getCurrentWeatherByCityID{String, int, float, float}[8]" classname="ru.gb.OpenWeatherTest" time="0.149"/>
  <testcase name="getCurrentWeatherByCityID{String, int, float, float}[9]" classname="ru.gb.OpenWeatherTest" time="0.168"/>
  <testcase name="getCurrentWeatherByCityID{String, int, float, float}[10]" classname="ru.gb.OpenWeatherTest" time="0.155"/>
  <testcase name="getCurrentWeatherByCityID{String, int, float, float}[11]" classname="ru.gb.OpenWeatherTest" time="0.184"/>
  <testcase name="getCurrentWeatherByCityID{String, int, float, float}[12]" classname="ru.gb.OpenWeatherTest" time="0.172"/>
  <testcase name="getCurrentWeatherByCityID{String, int, float, float}[13]" classname="ru.gb.OpenWeatherTest" time="0.148"/>
  <testcase name="getCurrentWeatherByCityID{String, int, float, float}[14]" classname="ru.gb.OpenWeatherTest" time="0.157"/>
  <testcase name="getCurrentWeatherByCityID{String, int, float, float}[15]" classname="ru.gb.OpenWeatherTest" time="0.199"/>
  <testcase name="getMinuteForecastFor1Hour{String, int, float, float, String}[1]" classname="ru.gb.OpenWeatherTest" time="0.173"/>
  <testcase name="getMinuteForecastFor1Hour{String, int, float, float, String}[2]" classname="ru.gb.OpenWeatherTest" time="0.174"/>
  <testcase name="getMinuteForecastFor1Hour{String, int, float, float, String}[3]" classname="ru.gb.OpenWeatherTest" time="0.184"/>
  <testcase name="getMinuteForecastFor1Hour{String, int, float, float, String}[4]" classname="ru.gb.OpenWeatherTest" time="0.191"/>
  <testcase name="getMinuteForecastFor1Hour{String, int, float, float, String}[5]" classname="ru.gb.OpenWeatherTest" time="0.183"/>
  <testcase name="getMinuteForecastFor1Hour{String, int, float, float, String}[6]" classname="ru.gb.OpenWeatherTest" time="0.176"/>
  <testcase name="getMinuteForecastFor1Hour{String, int, float, float, String}[7]" classname="ru.gb.OpenWeatherTest" time="0.177"/>
  <testcase name="getMinuteForecastFor1Hour{String, int, float, float, String}[8]" classname="ru.gb.OpenWeatherTest" time="0.201"/>
  <testcase name="getMinuteForecastFor1Hour{String, int, float, float, String}[9]" classname="ru.gb.OpenWeatherTest" time="0.206"/>
  <testcase name="getMinuteForecastFor1Hour{String, int, float, float, String}[10]" classname="ru.gb.OpenWeatherTest" time="0.187"/>
  <testcase name="getMinuteForecastFor1Hour{String, int, float, float, String}[11]" classname="ru.gb.OpenWeatherTest" time="0.17"/>
  <testcase name="getMinuteForecastFor1Hour{String, int, float, float, String}[12]" classname="ru.gb.OpenWeatherTest" time="0.184"/>
  <testcase name="getMinuteForecastFor1Hour{String, int, float, float, String}[13]" classname="ru.gb.OpenWeatherTest" time="0.173"/>
  <testcase name="getMinuteForecastFor1Hour{String, int, float, float, String}[14]" classname="ru.gb.OpenWeatherTest" time="0.174"/>
  <testcase name="getMinuteForecastFor1Hour{String, int, float, float, String}[15]" classname="ru.gb.OpenWeatherTest" time="0.208"/>
  <testcase name="getLocationNameByCoordinates{String, int, float, float}[1]" classname="ru.gb.OpenWeatherTest" time="0.175"/>
  <testcase name="getLocationNameByCoordinates{String, int, float, float}[2]" classname="ru.gb.OpenWeatherTest" time="0.156"/>
  <testcase name="getLocationNameByCoordinates{String, int, float, float}[3]" classname="ru.gb.OpenWeatherTest" time="0.188"/>
  <testcase name="getLocationNameByCoordinates{String, int, float, float}[4]" classname="ru.gb.OpenWeatherTest" time="0.159"/>
  <testcase name="getLocationNameByCoordinates{String, int, float, float}[5]" classname="ru.gb.OpenWeatherTest" time="0.248"/>
  <testcase name="getLocationNameByCoordinates{String, int, float, float}[6]" classname="ru.gb.OpenWeatherTest" time="0.151"/>
  <testcase name="getLocationNameByCoordinates{String, int, float, float}[7]" classname="ru.gb.OpenWeatherTest" time="0.153"/>
  <testcase name="getLocationNameByCoordinates{String, int, float, float}[8]" classname="ru.gb.OpenWeatherTest" time="0.191"/>
  <testcase name="getLocationNameByCoordinates{String, int, float, float}[9]" classname="ru.gb.OpenWeatherTest" time="0.165"/>
  <testcase name="getLocationNameByCoordinates{String, int, float, float}[10]" classname="ru.gb.OpenWeatherTest" time="0.178"/>
  <testcase name="getLocationNameByCoordinates{String, int, float, float}[11]" classname="ru.gb.OpenWeatherTest" time="0.173"/>
  <testcase name="getLocationNameByCoordinates{String, int, float, float}[12]" classname="ru.gb.OpenWeatherTest" time="0.172"/>
  <testcase name="getLocationNameByCoordinates{String, int, float, float}[13]" classname="ru.gb.OpenWeatherTest" time="0.145"/>
  <testcase name="getLocationNameByCoordinates{String, int, float, float}[14]" classname="ru.gb.OpenWeatherTest" time="0.154"/>
  <testcase name="getLocationNameByCoordinates{String, int, float, float}[15]" classname="ru.gb.OpenWeatherTest" time="3.181"/>
  <testcase name="getForecastWeatherByCoordinates{String, int, float, float}[1]" classname="ru.gb.OpenWeatherTest" time="0.304"/>
  <testcase name="getForecastWeatherByCoordinates{String, int, float, float}[2]" classname="ru.gb.OpenWeatherTest" time="0.197"/>
  <testcase name="getForecastWeatherByCoordinates{String, int, float, float}[3]" classname="ru.gb.OpenWeatherTest" time="0.262"/>
  <testcase name="getForecastWeatherByCoordinates{String, int, float, float}[4]" classname="ru.gb.OpenWeatherTest" time="0.248"/>
  <testcase name="getForecastWeatherByCoordinates{String, int, float, float}[5]" classname="ru.gb.OpenWeatherTest" time="0.244"/>
  <testcase name="getForecastWeatherByCoordinates{String, int, float, float}[6]" classname="ru.gb.OpenWeatherTest" time="0.327"/>
  <testcase name="getForecastWeatherByCoordinates{String, int, float, float}[7]" classname="ru.gb.OpenWeatherTest" time="0.367"/>
  <testcase name="getForecastWeatherByCoordinates{String, int, float, float}[8]" classname="ru.gb.OpenWeatherTest" time="0.33"/>
  <testcase name="getForecastWeatherByCoordinates{String, int, float, float}[9]" classname="ru.gb.OpenWeatherTest" time="0.208"/>
  <testcase name="getForecastWeatherByCoordinates{String, int, float, float}[10]" classname="ru.gb.OpenWeatherTest" time="0.235"/>
  <testcase name="getForecastWeatherByCoordinates{String, int, float, float}[11]" classname="ru.gb.OpenWeatherTest" time="0.232"/>
  <testcase name="getForecastWeatherByCoordinates{String, int, float, float}[12]" classname="ru.gb.OpenWeatherTest" time="0.203"/>
  <testcase name="getForecastWeatherByCoordinates{String, int, float, float}[13]" classname="ru.gb.OpenWeatherTest" time="0.272"/>
  <testcase name="getForecastWeatherByCoordinates{String, int, float, float}[14]" classname="ru.gb.OpenWeatherTest" time="0.213"/>
  <testcase name="getForecastWeatherByCoordinates{String, int, float, float}[15]" classname="ru.gb.OpenWeatherTest" time="0.27"/>
</testsuite>